10:42:29.403 [debug] Child {LoggerFileBackend, :general_log} of Supervisor Logger.Backends.Supervisor started
Pid: #PID<0.113.0>
Start Call: Logger.Backends.Watcher.start_link({{LoggerFileBackend, :general_log}, {LoggerFileBackend, :general_log}})
Restart: :transient
Shutdown: 5000
Type: :worker
10:42:29.403 [info] Child Logger.Backends.Supervisor of Supervisor Logger.Backends.Internal started
Pid: #PID<0.112.0>
Start Call: Logger.Backends.Supervisor.start_link([{LoggerFileBackend, :general_log}])
Restart: :permanent
Shutdown: :infinity
Type: :supervisor
10:42:29.403 [info] Child Logger.Backends.Internal of Supervisor Logger.Supervisor started
Pid: #PID<0.108.0>
Start Call: Logger.Backends.Internal.start_link([])
Restart: :permanent
Shutdown: :infinity
Type: :supervisor
10:42:29.403 [info] Application logger started at :nonode@nohost
10:42:29.971 [info] Child :ttb_autostart of Supervisor :runtime_tools_sup started
Pid: #PID<0.1542.0>
Start Call: :ttb_autostart.start_link()
Restart: :temporary
Shutdown: 3000
Type: :worker
10:42:29.971 [info] Application runtime_tools started at :nonode@nohost
10:42:29.971 [info] Application erts started at :nonode@nohost
10:42:29.971 [info] Application lx_lexical_shared started at :nonode@nohost
10:42:29.971 [info] Application lx_lexical_test started at :nonode@nohost
10:42:29.972 [info] Child LXSnowflake.Generator of Supervisor #PID<0.1545.0> (Supervisor.Default) started
Pid: #PID<0.1546.0>
Start Call: LXSnowflake.Generator.start_link(1704070800000, 1)
Restart: :permanent
Shutdown: 5000
Type: :worker
10:42:29.972 [info] Application lx_snowflake started at :nonode@nohost
10:42:29.972 [info] Application lx_sourceror started at :nonode@nohost
10:42:29.972 [info] Application lx_common started at :nonode@nohost
10:42:29.972 [info] Application lx_elixir_sense started at :nonode@nohost
10:42:29.972 [info] Application jason started at :nonode@nohost
10:42:29.972 [info] Application logger_file_backend started at :nonode@nohost
10:42:29.972 [info] Application lx_path_glob started at :nonode@nohost
10:42:29.972 [info] Application lx_proto started at :nonode@nohost
10:42:29.972 [info] Application lx_protocol started at :nonode@nohost
10:42:29.981 [info] Child LXical.Document.Store of Supervisor LXical.Server.Supervisor started
Pid: #PID<0.1550.0>
Start Call: LXical.Document.Store.start_link([derive: [analysis: &LXical.Ast.analyze/1]])
Restart: :permanent
Shutdown: 5000
Type: :worker
10:42:29.984 [info] Child LXical.Server of Supervisor LXical.Server.Supervisor started
Pid: #PID<0.1551.0>
Start Call: LXical.Server.start_link([])
Restart: :permanent
Shutdown: 5000
Type: :worker
10:42:29.984 [info] Child LXical.Server.ProjectSupervisor of Supervisor LXical.Server.Supervisor started
Pid: #PID<0.1552.0>
Start Call: DynamicSupervisor.start_link([name: LXical.Server.ProjectSupervisor, strategy: :one_for_one])
Restart: :permanent
Shutdown: :infinity
Type: :supervisor
10:42:29.984 [info] Child LXical.Server.TaskQueue.State.TaskSupervisor of Supervisor LXical.Server.Supervisor started
Pid: #PID<0.1553.0>
Start Call: Task.Supervisor.start_link([name: LXical.Server.TaskQueue.State.TaskSupervisor])
Restart: :permanent
Shutdown: :infinity
Type: :supervisor
10:42:29.984 [info] Child LXical.Server.TaskQueue of Supervisor LXical.Server.Supervisor started
Pid: #PID<0.1554.0>
Start Call: LXical.Server.TaskQueue.start_link([])
Restart: :permanent
Shutdown: 5000
Type: :worker
10:42:29.984 [info] Child LXical.Server.Transport.StdIO of Supervisor LXical.Server.Supervisor started
Pid: #PID<0.1555.0>
Start Call: LXical.Server.Transport.StdIO.start_link(:standard_io, &LXical.Server.protocol_message/1)
Restart: :permanent
Shutdown: 5000
Type: :worker
10:42:29.984 [info] Application lx_server started at :nonode@nohost
10:42:29.994 [info] Starting project at uri 
10:42:36.504 [info] Lexical Initialized
10:42:36.506 [info] opened file:///Users/blouse_man/.config/nvim/init.lua
10:44:10.163 [error] Shutting down
10:44:10.175 [warning] Received an Exit notification. Halting the server in 150ms
10:44:10.176 [debug] Child :timer_server of Supervisor :kernel_sup started
Pid: #PID<0.1556.0>
Start Call: :timer.start_link()
Restart: :permanent
Shutdown: 1000
Type: :worker
10:44:10.186 [error] stdio received :eof, server will stop.
10:44:10.186 [error] Child LXical.Server.Transport.StdIO of Supervisor LXical.Server.Supervisor terminated
** (exit) normal
Pid: #PID<0.1555.0>
Start Call: LXical.Server.Transport.StdIO.start_link(:standard_io, &LXical.Server.protocol_message/1)
Restart: :permanent
Shutdown: 5000
Type: :worker
10:44:10.186 [info] Child LXical.Server.Transport.StdIO of Supervisor LXical.Server.Supervisor started
Pid: #PID<0.1557.0>
Start Call: LXical.Server.Transport.StdIO.start_link(:standard_io, &LXical.Server.protocol_message/1)
Restart: :permanent
Shutdown: 5000
Type: :worker
11:04:43.577 [debug] Child {LoggerFileBackend, :general_log} of Supervisor Logger.Backends.Supervisor started
Pid: #PID<0.113.0>
Start Call: Logger.Backends.Watcher.start_link({{LoggerFileBackend, :general_log}, {LoggerFileBackend, :general_log}})
Restart: :transient
Shutdown: 5000
Type: :worker
11:04:43.577 [info] Child Logger.Backends.Supervisor of Supervisor Logger.Backends.Internal started
Pid: #PID<0.112.0>
Start Call: Logger.Backends.Supervisor.start_link([{LoggerFileBackend, :general_log}])
Restart: :permanent
Shutdown: :infinity
Type: :supervisor
11:04:43.578 [info] Child Logger.Backends.Internal of Supervisor Logger.Supervisor started
Pid: #PID<0.108.0>
Start Call: Logger.Backends.Internal.start_link([])
Restart: :permanent
Shutdown: :infinity
Type: :supervisor
11:04:43.578 [info] Application logger started at :nonode@nohost
11:04:44.381 [info] Child :ttb_autostart of Supervisor :runtime_tools_sup started
Pid: #PID<0.1542.0>
Start Call: :ttb_autostart.start_link()
Restart: :temporary
Shutdown: 3000
Type: :worker
11:04:44.381 [info] Application runtime_tools started at :nonode@nohost
11:04:44.382 [info] Application erts started at :nonode@nohost
11:04:44.382 [info] Application lx_lexical_shared started at :nonode@nohost
11:04:44.382 [info] Application lx_lexical_test started at :nonode@nohost
11:04:44.383 [info] Child LXSnowflake.Generator of Supervisor #PID<0.1545.0> (Supervisor.Default) started
Pid: #PID<0.1546.0>
Start Call: LXSnowflake.Generator.start_link(1704070800000, 1)
Restart: :permanent
Shutdown: 5000
Type: :worker
11:04:44.383 [info] Application lx_snowflake started at :nonode@nohost
11:04:44.383 [info] Application lx_sourceror started at :nonode@nohost
11:04:44.383 [info] Application lx_common started at :nonode@nohost
11:04:44.383 [info] Application lx_elixir_sense started at :nonode@nohost
11:04:44.383 [info] Application jason started at :nonode@nohost
11:04:44.383 [info] Application logger_file_backend started at :nonode@nohost
11:04:44.383 [info] Application lx_path_glob started at :nonode@nohost
11:04:44.383 [info] Application lx_proto started at :nonode@nohost
11:04:44.383 [info] Application lx_protocol started at :nonode@nohost
11:04:44.399 [info] Child LXical.Document.Store of Supervisor LXical.Server.Supervisor started
Pid: #PID<0.1550.0>
Start Call: LXical.Document.Store.start_link([derive: [analysis: &LXical.Ast.analyze/1]])
Restart: :permanent
Shutdown: 5000
Type: :worker
11:04:44.403 [info] Child LXical.Server of Supervisor LXical.Server.Supervisor started
Pid: #PID<0.1551.0>
Start Call: LXical.Server.start_link([])
Restart: :permanent
Shutdown: 5000
Type: :worker
11:04:44.403 [info] Child LXical.Server.ProjectSupervisor of Supervisor LXical.Server.Supervisor started
Pid: #PID<0.1552.0>
Start Call: DynamicSupervisor.start_link([name: LXical.Server.ProjectSupervisor, strategy: :one_for_one])
Restart: :permanent
Shutdown: :infinity
Type: :supervisor
11:04:44.403 [info] Child LXical.Server.TaskQueue.State.TaskSupervisor of Supervisor LXical.Server.Supervisor started
Pid: #PID<0.1553.0>
Start Call: Task.Supervisor.start_link([name: LXical.Server.TaskQueue.State.TaskSupervisor])
Restart: :permanent
Shutdown: :infinity
Type: :supervisor
11:04:44.404 [info] Child LXical.Server.TaskQueue of Supervisor LXical.Server.Supervisor started
Pid: #PID<0.1554.0>
Start Call: LXical.Server.TaskQueue.start_link([])
Restart: :permanent
Shutdown: 5000
Type: :worker
11:04:44.404 [info] Child LXical.Server.Transport.StdIO of Supervisor LXical.Server.Supervisor started
Pid: #PID<0.1555.0>
Start Call: LXical.Server.Transport.StdIO.start_link(:standard_io, &LXical.Server.protocol_message/1)
Restart: :permanent
Shutdown: 5000
Type: :worker
11:04:44.404 [info] Application lx_server started at :nonode@nohost
11:04:44.417 [info] Starting project at uri 
11:04:44.423 [info] Lexical Initialized
11:04:44.425 [info] opened file://
11:04:45.807 [info] opened file:///Users/blouse_man/.config/nvim/lazy-lock.json
11:04:46.766 [error] GenServer LXical.Server terminating
** (FunctionClauseError) no function clause matching in IO.chardata_to_string/1
    (elixir 1.18.3) lib/io.ex:710: IO.chardata_to_string(nil)
    (elixir 1.18.3) lib/path.ex:507: Path.basename/1
    (lx_lexical_shared 0.5.0) lib/lexical/project.ex:60: LXical.Project.name/1
    (lx_lexical_shared 0.5.0) lib/lexical/project.ex:80: LXical.Project.node_name/1
    (lx_remote_control 0.7.2) lib/lexical/remote_control.ex:115: LXical.RemoteControl.call/4
    (lx_server 0.7.2) lib/lexical/server/state.ex:164: LXical.Server.State.apply/2
    (lx_server 0.7.2) lib/lexical/server.ex:154: LXical.Server.apply_to_state/2
    (lx_server 0.7.2) lib/lexical/server.ex:117: LXical.Server.handle_message/2
Last message: {:"$gen_cast", {:protocol_message, %{__struct__: LXical.Protocol.Notifications.DidChange, document: nil, lsp: %{__struct__: LXical.Protocol.Notifications.DidChange.LSP, text_document: #Protocol.Types.TextDocument.Versioned.Identifier<[version: 3, uri: "file:///Users/blouse_man/.config/nvim/lazy-lock.json"]>, method: "textDocument/didChange", jsonrpc: "2.0", content_changes: [#Protocol.Types.TextDocument.ContentChangeEvent.TextDocumentContentChangeEvent<[range: #Protocol.Types.Range<[start: #Protocol.Types.Position<[line: 0, character: 1]>, end: #Protocol.Types.Position<[line: 1, character: 0]>]>, text: "\nvim.g.mapleader = \" \"\nvim.keymap.set(\"n\", \"<leader>pv\", vim.cmd.Ex)\n\n-- my remaps\n--vim.keymap.set(\"n\", \"q\", \":lua vim.diagnostic.open_float()<CR>\")\n\nvim.keymap.set(\"v\", \"J\", \":m '>+1<CR>gv=gv\")\nvim.keymap.set(\"v\", \"K\", \":m '<-2<CR>gv=gv\")\n\nvim.keymap.set(\"n\", \"J\", \"mzJ`z\")\nvim.keymap.set(\"n\", \"<C-d>\", \"<C-d>zz\")\nvim.keymap.set(\"n\", \"<C-u>\", \"<C-u>zz\")\nvim.keymap.set(\"n\", \"n\", \"nzzzv\")\nvim.keymap.set(\"n\", \"N\", \"Nzzzv\")\n\nvim.keymap.set(\"n\", \"<leader>vwm\", function()\n    require(\"vim-with-me\").StartVimWithMe()\nend)\nvim.keymap.set(\"n\", \"<leader>svwm\", function()\n    require(\"vim-with-me\").StopVimWithMe()\nend)\n\n-- go remaps \nvim.keymap.set(\n    \"n\",\n    \"<leader>ee\",\n    \"oif err != nil {<CR>}<Esc>Oreturn err<Esc>\"\n)\n\n", range_length: 1]>]}, text_document: nil, method: "textDocument/didChange", jsonrpc: "2.0", content_changes: nil}}}
State: %{__struct__: LXical.Server.State, configuration: %{__struct__: LXical.Server.Configuration, project: %{__struct__: LXical.Project, entropy: 18893, project_module: nil, mix_exs_uri: nil, mix_project?: false, root_uri: nil, env_variables: %{}, mix_env: nil, mix_target: nil}, support: %{deprecated: true, __struct__: LXical.Server.Configuration.Support, snippet: true, work_done_progress: true, tags: #Protocol.Types.Completion.ClientCapabilities.TagSupport<[value_set: [:deprecated]]>, signature_help: #Protocol.Types.SignatureHelp.ClientCapabilities<[dynamic_registration: false, signature_information: #Protocol.Types.SignatureHelp.ClientCapabilities.SignatureInformation<[documentation_format: [:markdown, :plain_text], active_parameter_support: true, parameter_information: #Protocol.Types.SignatureHelp.ClientCapabilities.ParameterInformation<[label_offset_support: true]>]>]>, code_action_dynamic_registration: true, hierarchical_symbols: true}, client_name: "Neovim", dialyzer_enabled?: false, additional_watched_extensions: nil}, in_flight_requests: %{}, initialized?: true, shutdown_received?: false}
11:04:46.788 [error] Process LXical.Server (#PID<0.1551.0>) terminating
** (FunctionClauseError) no function clause matching in IO.chardata_to_string/1
    (elixir 1.18.3) lib/io.ex:710: IO.chardata_to_string(nil)
    (elixir 1.18.3) lib/path.ex:507: Path.basename/1
    (lx_lexical_shared 0.5.0) lib/lexical/project.ex:60: LXical.Project.name/1
    (lx_lexical_shared 0.5.0) lib/lexical/project.ex:80: LXical.Project.node_name/1
    (lx_remote_control 0.7.2) lib/lexical/remote_control.ex:115: LXical.RemoteControl.call/4
    (lx_server 0.7.2) lib/lexical/server/state.ex:164: LXical.Server.State.apply/2
    (lx_server 0.7.2) lib/lexical/server.ex:154: LXical.Server.apply_to_state/2
    (lx_server 0.7.2) lib/lexical/server.ex:117: LXical.Server.handle_message/2
Initial Call: LXical.Server.init/1
Ancestors: [LXical.Server.Supervisor, #PID<0.1548.0>]
Message Queue Length: 0
Messages: []
Links: [#PID<0.1549.0>]
Dictionary: [rand_seed: {%{type: :exsss, next: #Function<0.40079776/1 in :rand.exsss_next>, bits: 58, uniform: #Function<1.40079776/1 in :rand.exsss_uniform>, uniform_n: #Function<2.40079776/2 in :rand.exsss_uniform>, jump: #Function<3.40079776/1 in :rand.exsplus_jump>}, [279224582368853564 | 56599638591952378]}]
Trapping Exits: false
Status: :running
Heap Size: 6772
Stack Size: 29
Reductions: 31697
11:04:46.788 [error] Child LXical.Server of Supervisor LXical.Server.Supervisor terminated
** (exit) an exception was raised:
    ** (FunctionClauseError) no function clause matching in IO.chardata_to_string/1
        (elixir 1.18.3) lib/io.ex:710: IO.chardata_to_string(nil)
        (elixir 1.18.3) lib/path.ex:507: Path.basename/1
        (lx_lexical_shared 0.5.0) lib/lexical/project.ex:60: LXical.Project.name/1
        (lx_lexical_shared 0.5.0) lib/lexical/project.ex:80: LXical.Project.node_name/1
        (lx_remote_control 0.7.2) lib/lexical/remote_control.ex:115: LXical.RemoteControl.call/4
        (lx_server 0.7.2) lib/lexical/server/state.ex:164: LXical.Server.State.apply/2
        (lx_server 0.7.2) lib/lexical/server.ex:154: LXical.Server.apply_to_state/2
        (lx_server 0.7.2) lib/lexical/server.ex:117: LXical.Server.handle_message/2
Pid: #PID<0.1551.0>
Start Call: LXical.Server.start_link([])
Restart: :permanent
Shutdown: 5000
Type: :worker
11:04:46.789 [info] Child LXical.Server of Supervisor LXical.Server.Supervisor started
Pid: #PID<0.1556.0>
Start Call: LXical.Server.start_link([])
Restart: :permanent
Shutdown: 5000
Type: :worker
11:05:01.377 [error] Received textDocument/didChange before server was initialized
11:05:01.380 [error] Failed to handle Elixir.LXical.Protocol.Notifications.DidChange, {{:error, :not_initialized}, %{__struct__: LXical.Server.State, configuration: nil, in_flight_requests: %{}, initialized?: false, shutdown_received?: false}}
11:05:01.380 [error] Could not handle message LXical.Protocol.Notifications.DidChange :ok
11:05:01.395 [error] Received textDocument/didChange before server was initialized
11:05:01.397 [error] Failed to handle Elixir.LXical.Protocol.Notifications.DidChange, {{:error, :not_initialized}, %{__struct__: LXical.Server.State, configuration: nil, in_flight_requests: %{}, initialized?: false, shutdown_received?: false}}
11:05:01.397 [error] Could not handle message LXical.Protocol.Notifications.DidChange :ok
11:05:04.191 [error] Received shutdown before server was initialized
11:05:04.197 [error] Failed to handle Elixir.LXical.Protocol.Requests.Shutdown, {{:error, :not_initialized}, %{__struct__: LXical.Server.State, configuration: nil, in_flight_requests: %{}, initialized?: false, shutdown_received?: false}}
11:05:04.197 [error] Could not handle message LXical.Protocol.Requests.Shutdown :ok
11:05:04.225 [error] stdio received :eof, server will stop.
11:05:04.225 [error] Child LXical.Server.Transport.StdIO of Supervisor LXical.Server.Supervisor terminated
** (exit) normal
Pid: #PID<0.1555.0>
Start Call: LXical.Server.Transport.StdIO.start_link(:standard_io, &LXical.Server.protocol_message/1)
Restart: :permanent
Shutdown: 5000
Type: :worker
11:05:04.226 [info] Child LXical.Server.Transport.StdIO of Supervisor LXical.Server.Supervisor started
Pid: #PID<0.1557.0>
Start Call: LXical.Server.Transport.StdIO.start_link(:standard_io, &LXical.Server.protocol_message/1)
Restart: :permanent
Shutdown: 5000
Type: :worker
11:05:06.905 [debug] Child {LoggerFileBackend, :general_log} of Supervisor Logger.Backends.Supervisor started
Pid: #PID<0.113.0>
Start Call: Logger.Backends.Watcher.start_link({{LoggerFileBackend, :general_log}, {LoggerFileBackend, :general_log}})
Restart: :transient
Shutdown: 5000
Type: :worker
11:05:06.905 [info] Child Logger.Backends.Supervisor of Supervisor Logger.Backends.Internal started
Pid: #PID<0.112.0>
Start Call: Logger.Backends.Supervisor.start_link([{LoggerFileBackend, :general_log}])
Restart: :permanent
Shutdown: :infinity
Type: :supervisor
11:05:06.905 [info] Child Logger.Backends.Internal of Supervisor Logger.Supervisor started
Pid: #PID<0.108.0>
Start Call: Logger.Backends.Internal.start_link([])
Restart: :permanent
Shutdown: :infinity
Type: :supervisor
11:05:06.905 [info] Application logger started at :nonode@nohost
11:05:07.692 [info] Child :ttb_autostart of Supervisor :runtime_tools_sup started
Pid: #PID<0.1542.0>
Start Call: :ttb_autostart.start_link()
Restart: :temporary
Shutdown: 3000
Type: :worker
11:05:07.692 [info] Application runtime_tools started at :nonode@nohost
11:05:07.693 [info] Application erts started at :nonode@nohost
11:05:07.693 [info] Application lx_lexical_shared started at :nonode@nohost
11:05:07.693 [info] Application lx_lexical_test started at :nonode@nohost
11:05:07.694 [info] Child LXSnowflake.Generator of Supervisor #PID<0.1545.0> (Supervisor.Default) started
Pid: #PID<0.1546.0>
Start Call: LXSnowflake.Generator.start_link(1704070800000, 1)
Restart: :permanent
Shutdown: 5000
Type: :worker
11:05:07.694 [info] Application lx_snowflake started at :nonode@nohost
11:05:07.694 [info] Application lx_sourceror started at :nonode@nohost
11:05:07.694 [info] Application lx_common started at :nonode@nohost
11:05:07.694 [info] Application lx_elixir_sense started at :nonode@nohost
11:05:07.694 [info] Application jason started at :nonode@nohost
11:05:07.694 [info] Application logger_file_backend started at :nonode@nohost
11:05:07.694 [info] Application lx_path_glob started at :nonode@nohost
11:05:07.694 [info] Application lx_proto started at :nonode@nohost
11:05:07.694 [info] Application lx_protocol started at :nonode@nohost
11:05:07.706 [info] Child LXical.Document.Store of Supervisor LXical.Server.Supervisor started
Pid: #PID<0.1550.0>
Start Call: LXical.Document.Store.start_link([derive: [analysis: &LXical.Ast.analyze/1]])
Restart: :permanent
Shutdown: 5000
Type: :worker
11:05:07.708 [info] Child LXical.Server of Supervisor LXical.Server.Supervisor started
Pid: #PID<0.1551.0>
Start Call: LXical.Server.start_link([])
Restart: :permanent
Shutdown: 5000
Type: :worker
11:05:07.708 [info] Child LXical.Server.ProjectSupervisor of Supervisor LXical.Server.Supervisor started
Pid: #PID<0.1552.0>
Start Call: DynamicSupervisor.start_link([name: LXical.Server.ProjectSupervisor, strategy: :one_for_one])
Restart: :permanent
Shutdown: :infinity
Type: :supervisor
11:05:07.708 [info] Child LXical.Server.TaskQueue.State.TaskSupervisor of Supervisor LXical.Server.Supervisor started
Pid: #PID<0.1553.0>
Start Call: Task.Supervisor.start_link([name: LXical.Server.TaskQueue.State.TaskSupervisor])
Restart: :permanent
Shutdown: :infinity
Type: :supervisor
11:05:07.709 [info] Child LXical.Server.TaskQueue of Supervisor LXical.Server.Supervisor started
Pid: #PID<0.1554.0>
Start Call: LXical.Server.TaskQueue.start_link([])
Restart: :permanent
Shutdown: 5000
Type: :worker
11:05:07.709 [info] Child LXical.Server.Transport.StdIO of Supervisor LXical.Server.Supervisor started
Pid: #PID<0.1555.0>
Start Call: LXical.Server.Transport.StdIO.start_link(:standard_io, &LXical.Server.protocol_message/1)
Restart: :permanent
Shutdown: 5000
Type: :worker
11:05:07.709 [info] Application lx_server started at :nonode@nohost
11:05:07.722 [info] Starting project at uri 
11:05:07.728 [info] Lexical Initialized
11:05:07.730 [info] opened file://
11:05:07.977 [info] opened file:///Users/blouse_man/.config/nvim/init.lua
11:08:28.042 [error] Shutting down
11:08:28.080 [warning] Received an Exit notification. Halting the server in 150ms
11:08:28.081 [debug] Child :timer_server of Supervisor :kernel_sup started
Pid: #PID<0.1556.0>
Start Call: :timer.start_link()
Restart: :permanent
Shutdown: 1000
Type: :worker
11:08:28.081 [error] stdio received :eof, server will stop.
11:08:28.081 [error] Child LXical.Server.Transport.StdIO of Supervisor LXical.Server.Supervisor terminated
** (exit) normal
Pid: #PID<0.1555.0>
Start Call: LXical.Server.Transport.StdIO.start_link(:standard_io, &LXical.Server.protocol_message/1)
Restart: :permanent
Shutdown: 5000
Type: :worker
11:08:28.082 [info] Child LXical.Server.Transport.StdIO of Supervisor LXical.Server.Supervisor started
Pid: #PID<0.1557.0>
Start Call: LXical.Server.Transport.StdIO.start_link(:standard_io, &LXical.Server.protocol_message/1)
Restart: :permanent
Shutdown: 5000
Type: :worker
11:08:28.082 [error] stdio received :eof, server will stop.
11:08:28.082 [error] Child LXical.Server.Transport.StdIO of Supervisor LXical.Server.Supervisor terminated
** (exit) normal
Pid: #PID<0.1557.0>
Start Call: LXical.Server.Transport.StdIO.start_link(:standard_io, &LXical.Server.protocol_message/1)
Restart: :permanent
Shutdown: 5000
Type: :worker
11:08:28.082 [info] Child LXical.Server.Transport.StdIO of Supervisor LXical.Server.Supervisor started
Pid: #PID<0.1558.0>
Start Call: LXical.Server.Transport.StdIO.start_link(:standard_io, &LXical.Server.protocol_message/1)
Restart: :permanent
Shutdown: 5000
Type: :worker
11:08:28.082 [error] stdio received :eof, server will stop.
11:08:28.082 [error] Child LXical.Server.Transport.StdIO of Supervisor LXical.Server.Supervisor terminated
** (exit) normal
Pid: #PID<0.1558.0>
Start Call: LXical.Server.Transport.StdIO.start_link(:standard_io, &LXical.Server.protocol_message/1)
Restart: :permanent
Shutdown: 5000
Type: :worker
11:08:28.082 [info] Child LXical.Server.Transport.StdIO of Supervisor LXical.Server.Supervisor started
Pid: #PID<0.1559.0>
Start Call: LXical.Server.Transport.StdIO.start_link(:standard_io, &LXical.Server.protocol_message/1)
Restart: :permanent
Shutdown: 5000
Type: :worker
11:08:28.082 [error] stdio received :eof, server will stop.
11:08:28.082 [error] Child LXical.Server.Transport.StdIO of Supervisor LXical.Server.Supervisor terminated
** (exit) normal
Pid: #PID<0.1559.0>
Start Call: LXical.Server.Transport.StdIO.start_link(:standard_io, &LXical.Server.protocol_message/1)
Restart: :permanent
Shutdown: 5000
Type: :worker
11:08:28.082 [error] Child LXical.Server.Transport.StdIO of Supervisor LXical.Server.Supervisor caused shutdown
** (exit) :reached_max_restart_intensity
Start Call: LXical.Server.Transport.StdIO.start_link(:standard_io, &LXical.Server.protocol_message/1)
Restart: :permanent
Shutdown: 5000
Type: :worker
11:08:29.820 [debug] Child {LoggerFileBackend, :general_log} of Supervisor Logger.Backends.Supervisor started
Pid: #PID<0.113.0>
Start Call: Logger.Backends.Watcher.start_link({{LoggerFileBackend, :general_log}, {LoggerFileBackend, :general_log}})
Restart: :transient
Shutdown: 5000
Type: :worker
11:08:29.820 [info] Child Logger.Backends.Supervisor of Supervisor Logger.Backends.Internal started
Pid: #PID<0.112.0>
Start Call: Logger.Backends.Supervisor.start_link([{LoggerFileBackend, :general_log}])
Restart: :permanent
Shutdown: :infinity
Type: :supervisor
11:08:29.820 [info] Child Logger.Backends.Internal of Supervisor Logger.Supervisor started
Pid: #PID<0.108.0>
Start Call: Logger.Backends.Internal.start_link([])
Restart: :permanent
Shutdown: :infinity
Type: :supervisor
11:08:29.820 [info] Application logger started at :nonode@nohost
11:08:30.661 [info] Child :ttb_autostart of Supervisor :runtime_tools_sup started
Pid: #PID<0.1542.0>
Start Call: :ttb_autostart.start_link()
Restart: :temporary
Shutdown: 3000
Type: :worker
11:08:30.661 [info] Application runtime_tools started at :nonode@nohost
11:08:30.662 [info] Application erts started at :nonode@nohost
11:08:30.662 [info] Application lx_lexical_shared started at :nonode@nohost
11:08:30.662 [info] Application lx_lexical_test started at :nonode@nohost
11:08:30.664 [info] Child LXSnowflake.Generator of Supervisor #PID<0.1545.0> (Supervisor.Default) started
Pid: #PID<0.1546.0>
Start Call: LXSnowflake.Generator.start_link(1704070800000, 1)
Restart: :permanent
Shutdown: 5000
Type: :worker
11:08:30.664 [info] Application lx_snowflake started at :nonode@nohost
11:08:30.664 [info] Application lx_sourceror started at :nonode@nohost
11:08:30.664 [info] Application lx_common started at :nonode@nohost
11:08:30.664 [info] Application lx_elixir_sense started at :nonode@nohost
11:08:30.664 [info] Application jason started at :nonode@nohost
11:08:30.664 [info] Application logger_file_backend started at :nonode@nohost
11:08:30.664 [info] Application lx_path_glob started at :nonode@nohost
11:08:30.664 [info] Application lx_proto started at :nonode@nohost
11:08:30.664 [info] Application lx_protocol started at :nonode@nohost
11:08:30.681 [info] Child LXical.Document.Store of Supervisor LXical.Server.Supervisor started
Pid: #PID<0.1550.0>
Start Call: LXical.Document.Store.start_link([derive: [analysis: &LXical.Ast.analyze/1]])
Restart: :permanent
Shutdown: 5000
Type: :worker
11:08:30.684 [info] Child LXical.Server of Supervisor LXical.Server.Supervisor started
Pid: #PID<0.1551.0>
Start Call: LXical.Server.start_link([])
Restart: :permanent
Shutdown: 5000
Type: :worker
11:08:30.684 [info] Child LXical.Server.ProjectSupervisor of Supervisor LXical.Server.Supervisor started
Pid: #PID<0.1552.0>
Start Call: DynamicSupervisor.start_link([name: LXical.Server.ProjectSupervisor, strategy: :one_for_one])
Restart: :permanent
Shutdown: :infinity
Type: :supervisor
11:08:30.684 [info] Child LXical.Server.TaskQueue.State.TaskSupervisor of Supervisor LXical.Server.Supervisor started
Pid: #PID<0.1553.0>
Start Call: Task.Supervisor.start_link([name: LXical.Server.TaskQueue.State.TaskSupervisor])
Restart: :permanent
Shutdown: :infinity
Type: :supervisor
11:08:30.684 [info] Child LXical.Server.TaskQueue of Supervisor LXical.Server.Supervisor started
Pid: #PID<0.1554.0>
Start Call: LXical.Server.TaskQueue.start_link([])
Restart: :permanent
Shutdown: 5000
Type: :worker
11:08:30.684 [info] Child LXical.Server.Transport.StdIO of Supervisor LXical.Server.Supervisor started
Pid: #PID<0.1555.0>
Start Call: LXical.Server.Transport.StdIO.start_link(:standard_io, &LXical.Server.protocol_message/1)
Restart: :permanent
Shutdown: 5000
Type: :worker
11:08:30.684 [info] Application lx_server started at :nonode@nohost
11:08:30.701 [info] Starting project at uri 
11:08:33.502 [info] Lexical Initialized
11:08:58.090 [error] Shutting down
11:08:58.121 [warning] Received an Exit notification. Halting the server in 150ms
11:08:58.121 [debug] Child :timer_server of Supervisor :kernel_sup started
Pid: #PID<0.1556.0>
Start Call: :timer.start_link()
Restart: :permanent
Shutdown: 1000
Type: :worker
11:08:58.121 [error] stdio received :eof, server will stop.
11:08:58.121 [error] Child LXical.Server.Transport.StdIO of Supervisor LXical.Server.Supervisor terminated
** (exit) normal
Pid: #PID<0.1555.0>
Start Call: LXical.Server.Transport.StdIO.start_link(:standard_io, &LXical.Server.protocol_message/1)
Restart: :permanent
Shutdown: 5000
Type: :worker
11:08:58.121 [info] Child LXical.Server.Transport.StdIO of Supervisor LXical.Server.Supervisor started
Pid: #PID<0.1557.0>
Start Call: LXical.Server.Transport.StdIO.start_link(:standard_io, &LXical.Server.protocol_message/1)
Restart: :permanent
Shutdown: 5000
Type: :worker
11:09:00.047 [debug] Child {LoggerFileBackend, :general_log} of Supervisor Logger.Backends.Supervisor started
Pid: #PID<0.113.0>
Start Call: Logger.Backends.Watcher.start_link({{LoggerFileBackend, :general_log}, {LoggerFileBackend, :general_log}})
Restart: :transient
Shutdown: 5000
Type: :worker
11:09:00.047 [info] Child Logger.Backends.Supervisor of Supervisor Logger.Backends.Internal started
Pid: #PID<0.112.0>
Start Call: Logger.Backends.Supervisor.start_link([{LoggerFileBackend, :general_log}])
Restart: :permanent
Shutdown: :infinity
Type: :supervisor
11:09:00.047 [info] Child Logger.Backends.Internal of Supervisor Logger.Supervisor started
Pid: #PID<0.108.0>
Start Call: Logger.Backends.Internal.start_link([])
Restart: :permanent
Shutdown: :infinity
Type: :supervisor
11:09:00.047 [info] Application logger started at :nonode@nohost
11:09:01.018 [info] Child :ttb_autostart of Supervisor :runtime_tools_sup started
Pid: #PID<0.1542.0>
Start Call: :ttb_autostart.start_link()
Restart: :temporary
Shutdown: 3000
Type: :worker
11:09:01.018 [info] Application runtime_tools started at :nonode@nohost
11:09:01.019 [info] Application erts started at :nonode@nohost
11:09:01.019 [info] Application lx_lexical_shared started at :nonode@nohost
11:09:01.019 [info] Application lx_lexical_test started at :nonode@nohost
11:09:01.021 [info] Child LXSnowflake.Generator of Supervisor #PID<0.1545.0> (Supervisor.Default) started
Pid: #PID<0.1546.0>
Start Call: LXSnowflake.Generator.start_link(1704070800000, 1)
Restart: :permanent
Shutdown: 5000
Type: :worker
11:09:01.021 [info] Application lx_snowflake started at :nonode@nohost
11:09:01.021 [info] Application lx_sourceror started at :nonode@nohost
11:09:01.021 [info] Application lx_common started at :nonode@nohost
11:09:01.021 [info] Application lx_elixir_sense started at :nonode@nohost
11:09:01.021 [info] Application jason started at :nonode@nohost
11:09:01.021 [info] Application logger_file_backend started at :nonode@nohost
11:09:01.021 [info] Application lx_path_glob started at :nonode@nohost
11:09:01.021 [info] Application lx_proto started at :nonode@nohost
11:09:01.021 [info] Application lx_protocol started at :nonode@nohost
11:09:01.036 [info] Child LXical.Document.Store of Supervisor LXical.Server.Supervisor started
Pid: #PID<0.1550.0>
Start Call: LXical.Document.Store.start_link([derive: [analysis: &LXical.Ast.analyze/1]])
Restart: :permanent
Shutdown: 5000
Type: :worker
11:09:01.039 [info] Child LXical.Server of Supervisor LXical.Server.Supervisor started
Pid: #PID<0.1551.0>
Start Call: LXical.Server.start_link([])
Restart: :permanent
Shutdown: 5000
Type: :worker
11:09:01.039 [info] Child LXical.Server.ProjectSupervisor of Supervisor LXical.Server.Supervisor started
Pid: #PID<0.1552.0>
Start Call: DynamicSupervisor.start_link([name: LXical.Server.ProjectSupervisor, strategy: :one_for_one])
Restart: :permanent
Shutdown: :infinity
Type: :supervisor
11:09:01.039 [info] Child LXical.Server.TaskQueue.State.TaskSupervisor of Supervisor LXical.Server.Supervisor started
Pid: #PID<0.1553.0>
Start Call: Task.Supervisor.start_link([name: LXical.Server.TaskQueue.State.TaskSupervisor])
Restart: :permanent
Shutdown: :infinity
Type: :supervisor
11:09:01.039 [info] Child LXical.Server.TaskQueue of Supervisor LXical.Server.Supervisor started
Pid: #PID<0.1554.0>
Start Call: LXical.Server.TaskQueue.start_link([])
Restart: :permanent
Shutdown: 5000
Type: :worker
11:09:01.039 [info] Child LXical.Server.Transport.StdIO of Supervisor LXical.Server.Supervisor started
Pid: #PID<0.1555.0>
Start Call: LXical.Server.Transport.StdIO.start_link(:standard_io, &LXical.Server.protocol_message/1)
Restart: :permanent
Shutdown: 5000
Type: :worker
11:09:01.039 [info] Application lx_server started at :nonode@nohost
11:09:01.055 [info] Starting project at uri 
11:09:09.731 [info] Lexical Initialized
11:11:25.367 [error] Shutting down
11:11:25.397 [warning] Received an Exit notification. Halting the server in 150ms
11:11:25.398 [debug] Child :timer_server of Supervisor :kernel_sup started
Pid: #PID<0.1556.0>
Start Call: :timer.start_link()
Restart: :permanent
Shutdown: 1000
Type: :worker
11:11:25.398 [error] stdio received :eof, server will stop.
11:11:25.399 [error] Child LXical.Server.Transport.StdIO of Supervisor LXical.Server.Supervisor terminated
** (exit) normal
Pid: #PID<0.1555.0>
Start Call: LXical.Server.Transport.StdIO.start_link(:standard_io, &LXical.Server.protocol_message/1)
Restart: :permanent
Shutdown: 5000
Type: :worker
11:11:25.399 [info] Child LXical.Server.Transport.StdIO of Supervisor LXical.Server.Supervisor started
Pid: #PID<0.1557.0>
Start Call: LXical.Server.Transport.StdIO.start_link(:standard_io, &LXical.Server.protocol_message/1)
Restart: :permanent
Shutdown: 5000
Type: :worker
11:11:27.682 [debug] Child {LoggerFileBackend, :general_log} of Supervisor Logger.Backends.Supervisor started
Pid: #PID<0.113.0>
Start Call: Logger.Backends.Watcher.start_link({{LoggerFileBackend, :general_log}, {LoggerFileBackend, :general_log}})
Restart: :transient
Shutdown: 5000
Type: :worker
11:11:27.682 [info] Child Logger.Backends.Supervisor of Supervisor Logger.Backends.Internal started
Pid: #PID<0.112.0>
Start Call: Logger.Backends.Supervisor.start_link([{LoggerFileBackend, :general_log}])
Restart: :permanent
Shutdown: :infinity
Type: :supervisor
11:11:27.682 [info] Child Logger.Backends.Internal of Supervisor Logger.Supervisor started
Pid: #PID<0.108.0>
Start Call: Logger.Backends.Internal.start_link([])
Restart: :permanent
Shutdown: :infinity
Type: :supervisor
11:11:27.682 [info] Application logger started at :nonode@nohost
11:11:28.572 [info] Child :ttb_autostart of Supervisor :runtime_tools_sup started
Pid: #PID<0.1542.0>
Start Call: :ttb_autostart.start_link()
Restart: :temporary
Shutdown: 3000
Type: :worker
11:11:28.572 [info] Application runtime_tools started at :nonode@nohost
11:11:28.573 [info] Application erts started at :nonode@nohost
11:11:28.573 [info] Application lx_lexical_shared started at :nonode@nohost
11:11:28.573 [info] Application lx_lexical_test started at :nonode@nohost
11:11:28.574 [info] Child LXSnowflake.Generator of Supervisor #PID<0.1545.0> (Supervisor.Default) started
Pid: #PID<0.1546.0>
Start Call: LXSnowflake.Generator.start_link(1704070800000, 1)
Restart: :permanent
Shutdown: 5000
Type: :worker
11:11:28.574 [info] Application lx_snowflake started at :nonode@nohost
11:11:28.574 [info] Application lx_sourceror started at :nonode@nohost
11:11:28.574 [info] Application lx_common started at :nonode@nohost
11:11:28.574 [info] Application lx_elixir_sense started at :nonode@nohost
11:11:28.574 [info] Application jason started at :nonode@nohost
11:11:28.574 [info] Application logger_file_backend started at :nonode@nohost
11:11:28.574 [info] Application lx_path_glob started at :nonode@nohost
11:11:28.574 [info] Application lx_proto started at :nonode@nohost
11:11:28.574 [info] Application lx_protocol started at :nonode@nohost
11:11:28.587 [info] Child LXical.Document.Store of Supervisor LXical.Server.Supervisor started
Pid: #PID<0.1550.0>
Start Call: LXical.Document.Store.start_link([derive: [analysis: &LXical.Ast.analyze/1]])
Restart: :permanent
Shutdown: 5000
Type: :worker
11:11:28.591 [info] Child LXical.Server of Supervisor LXical.Server.Supervisor started
Pid: #PID<0.1551.0>
Start Call: LXical.Server.start_link([])
Restart: :permanent
Shutdown: 5000
Type: :worker
11:11:28.591 [info] Child LXical.Server.ProjectSupervisor of Supervisor LXical.Server.Supervisor started
Pid: #PID<0.1552.0>
Start Call: DynamicSupervisor.start_link([name: LXical.Server.ProjectSupervisor, strategy: :one_for_one])
Restart: :permanent
Shutdown: :infinity
Type: :supervisor
11:11:28.591 [info] Child LXical.Server.TaskQueue.State.TaskSupervisor of Supervisor LXical.Server.Supervisor started
Pid: #PID<0.1553.0>
Start Call: Task.Supervisor.start_link([name: LXical.Server.TaskQueue.State.TaskSupervisor])
Restart: :permanent
Shutdown: :infinity
Type: :supervisor
11:11:28.591 [info] Child LXical.Server.TaskQueue of Supervisor LXical.Server.Supervisor started
Pid: #PID<0.1554.0>
Start Call: LXical.Server.TaskQueue.start_link([])
Restart: :permanent
Shutdown: 5000
Type: :worker
11:11:28.591 [info] Child LXical.Server.Transport.StdIO of Supervisor LXical.Server.Supervisor started
Pid: #PID<0.1555.0>
Start Call: LXical.Server.Transport.StdIO.start_link(:standard_io, &LXical.Server.protocol_message/1)
Restart: :permanent
Shutdown: 5000
Type: :worker
11:11:28.591 [info] Application lx_server started at :nonode@nohost
11:11:28.605 [info] Starting project at uri 
11:11:28.611 [info] Lexical Initialized
11:11:28.613 [info] opened file:///Users/blouse_man/.config/nvim/init.lua
11:11:33.101 [info] opened file://
11:11:36.120 [error] Shutting down
11:11:36.121 [warning] Received an Exit notification. Halting the server in 150ms
11:11:36.121 [debug] Child :timer_server of Supervisor :kernel_sup started
Pid: #PID<0.1556.0>
Start Call: :timer.start_link()
Restart: :permanent
Shutdown: 1000
Type: :worker
11:11:36.141 [error] stdio received :eof, server will stop.
11:11:36.142 [error] Child LXical.Server.Transport.StdIO of Supervisor LXical.Server.Supervisor terminated
** (exit) normal
Pid: #PID<0.1555.0>
Start Call: LXical.Server.Transport.StdIO.start_link(:standard_io, &LXical.Server.protocol_message/1)
Restart: :permanent
Shutdown: 5000
Type: :worker
11:11:36.143 [info] Child LXical.Server.Transport.StdIO of Supervisor LXical.Server.Supervisor started
Pid: #PID<0.1557.0>
Start Call: LXical.Server.Transport.StdIO.start_link(:standard_io, &LXical.Server.protocol_message/1)
Restart: :permanent
Shutdown: 5000
Type: :worker
